<?xml version="1.0" encoding="UTF-8"?>
<!-- Generated by org.testng.reporters.JUnitReportReporter -->
<testsuite skipped="0" hostname="BhargavTej-PC" name="spicejet.NewTest2" tests="1" failures="0" timestamp="27 Dec 2017 11:16:07 GMT" time="7.904" errors="0">
  <testcase name="f" time="7.904" classname="spicejet.NewTest2"/>
</testsuite> <!-- spicejet.NewTest2 -->
