<?xml version="1.0" encoding="UTF-8"?>
<!-- Generated by org.testng.reporters.JUnitReportReporter -->
<testsuite skipped="0" hostname="BhargavTej-PC" name="testcase_pageobjectmodel.Verifylogin_gmail" tests="1" failures="0" timestamp="29 Jan 2018 15:40:56 GMT" time="10.878" errors="0">
  <testcase name="verify_login" time="10.878" classname="testcase_pageobjectmodel.Verifylogin_gmail"/>
</testsuite> <!-- testcase_pageobjectmodel.Verifylogin_gmail -->
