<?xml version="1.0" encoding="UTF-8"?>
<!-- Generated by org.testng.reporters.JUnitReportReporter -->
<testsuite skipped="0" hostname="BhargavTej-PC" name="testcase_pageobjectmodel.Verifylogin_gmail2" tests="1" failures="0" timestamp="30 Jan 2018 10:12:43 GMT" time="13.332" errors="0">
  <testcase name="verify_login" time="13.332" classname="testcase_pageobjectmodel.Verifylogin_gmail2"/>
</testsuite> <!-- testcase_pageobjectmodel.Verifylogin_gmail2 -->
