<?xml version="1.0" encoding="UTF-8"?>
<!-- Generated by org.testng.reporters.JUnitReportReporter -->
<testsuite skipped="0" hostname="BhargavTej-PC" name="practise.NewTest" tests="1" failures="0" timestamp="19 Feb 2018 10:48:25 GMT" time="11.469" errors="0">
  <testcase name="f" time="11.469" classname="practise.NewTest"/>
</testsuite> <!-- practise.NewTest -->
