<?xml version="1.0" encoding="UTF-8"?>
<!-- Generated by org.testng.reporters.JUnitReportReporter -->
<testsuite skipped="0" hostname="BhargavTej-PC" name="avi.Facebook" tests="1" failures="0" timestamp="27 May 2018 18:26:12 GMT" time="19.774" errors="0">
  <testcase name="dropdown" time="19.774" classname="avi.Facebook"/>
</testsuite> <!-- avi.Facebook -->
