<?xml version="1.0" encoding="UTF-8"?>
<!-- Generated by org.testng.reporters.JUnitReportReporter -->
<testsuite skipped="0" hostname="BhargavTej-PC" name="excel.Excel" tests="1" failures="0" timestamp="19 Feb 2018 19:57:14 GMT" time="7.540" errors="0">
  <testcase name="test" time="7.540" classname="excel.Excel"/>
</testsuite> <!-- excel.Excel -->
