<?xml version="1.0" encoding="UTF-8"?>
<!-- Generated by org.testng.reporters.JUnitReportReporter -->
<testsuite skipped="0" hostname="BhargavTej-PC" name="testcase_pageobjectmodel.Verifylogin" tests="1" failures="0" timestamp="30 Jan 2018 10:48:03 GMT" time="10.373" errors="0">
  <testcase name="verifylogin_gmail" time="10.373" classname="testcase_pageobjectmodel.Verifylogin"/>
</testsuite> <!-- testcase_pageobjectmodel.Verifylogin -->
