<?xml version="1.0" encoding="UTF-8"?>
<!-- Generated by org.testng.reporters.JUnitReportReporter -->
<testsuite skipped="0" hostname="BhargavTej-PC" name="avi.Dynamic_webtable" tests="1" failures="0" timestamp="22 May 2018 07:49:52 GMT" time="31.258" errors="0">
  <testcase name="google" time="31.258" classname="avi.Dynamic_webtable"/>
</testsuite> <!-- avi.Dynamic_webtable -->
