<?xml version="1.0" encoding="UTF-8"?>
<!-- Generated by org.testng.reporters.JUnitReportReporter -->
<testsuite skipped="0" hostname="BhargavTej-PC" name="avi.Ajax_control" tests="1" failures="0" timestamp="22 May 2018 07:51:03 GMT" time="12.757" errors="0">
  <testcase name="google" time="12.757" classname="avi.Ajax_control"/>
</testsuite> <!-- avi.Ajax_control -->
