<?xml version="1.0" encoding="UTF-8"?>
<!-- Generated by org.testng.reporters.JUnitReportReporter -->
<testsuite skipped="0" hostname="BhargavTej-PC" name="excel.Excel_inputTest" tests="1" failures="0" timestamp="24 Jan 2018 18:43:40 GMT" time="13.199" errors="0">
  <testcase name="f" time="13.199" classname="excel.Excel_inputTest"/>
</testsuite> <!-- excel.Excel_inputTest -->
