<?xml version="1.0" encoding="UTF-8"?>
<!-- Generated by org.testng.reporters.JUnitReportReporter -->
<testsuite skipped="0" hostname="BhargavTej-PC" name="xmltest.Crossbrowser" tests="2" failures="0" timestamp="25 Jan 2018 16:14:26 GMT" time="29.418" errors="0">
  <testcase name="verifybrowser" time="23.466" classname="xmltest.Crossbrowser"/>
  <testcase name="verifybrowser" time="5.952" classname="xmltest.Crossbrowser"/>
</testsuite> <!-- xmltest.Crossbrowser -->
