<?xml version="1.0" encoding="UTF-8"?>
<!-- Generated by org.testng.reporters.JUnitReportReporter -->
<testsuite skipped="0" hostname="BhargavTej-PC" name="dropdown.Verify_title" tests="1" failures="0" timestamp="19 Feb 2018 10:13:38 GMT" time="9.846" errors="0">
  <testcase name="verifyFacebook" time="9.846" classname="dropdown.Verify_title"/>
</testsuite> <!-- dropdown.Verify_title -->
