<?xml version="1.0" encoding="UTF-8"?>
<!-- Generated by org.testng.reporters.JUnitReportReporter -->
<testsuite skipped="0" hostname="BhargavTej-PC" name="avi.Mouse_class" tests="1" failures="0" timestamp="26 Mar 2018 12:38:53 GMT" time="61.622" errors="0">
  <testcase name="mouse" time="61.622" classname="avi.Mouse_class"/>
</testsuite> <!-- avi.Mouse_class -->
