<?xml version="1.0" encoding="UTF-8"?>
<!-- Generated by org.testng.reporters.JUnitReportReporter -->
<testsuite skipped="0" hostname="BhargavTej-PC" name="spicejet.NewTest" tests="1" failures="0" timestamp="28 Feb 2018 17:53:47 GMT" time="8.476" errors="0">
  <testcase name="f" time="8.476" classname="spicejet.NewTest"/>
</testsuite> <!-- spicejet.NewTest -->
